INFO 2026-02-22 14:54:21 DOWN - Ministry of Home Affairs | URL: https://www.moha.gov.np/ | Error: Timeout after 3 attempts | Attempts: 3 | Status Code: N/A | Response Time: N/Ams
INFO 2026-02-22 14:54:21 DOWN - Ministry of Home Affairs | URL: https://www.moha.gov.np/ | Error: Timeout after 3 attempts | Attempts: 3 | Status Code: N/A | Response Time: N/Ams
INFO 2026-02-22 14:54:42 DOWN - Ministry of Home Affairs | URL: https://www.moha.gov.np/ | Error: Timeout after 3 attempts | Attempts: 3 | Status Code: N/A | Response Time: N/Ams
INFO 2026-02-22 14:56:39 RECOVERED - Nepal Government Email | URL: https://mail.nepal.gov.np/ | Response Time: 98ms | Status Code: 200 | Attempts: 2
INFO 2026-02-22 14:57:46 RECOVERED - Nepal Government Email | URL: https://mail.nepal.gov.np/ | Response Time: 107ms | Status Code: 200 | Attempts: 2
INFO 2026-02-22 14:57:48 RECOVERED - passport | URL: https://nepalpassport.gov.np/ | Response Time: 334ms | Status Code: 200 | Attempts: 2
INFO 2026-02-22 14:58:55 RECOVERED - Nepal Government Email | URL: https://mail.nepal.gov.np/ | Response Time: 88ms | Status Code: 200 | Attempts: 2
INFO 2026-02-22 15:00:02 RECOVERED - Nepal Government Email | URL: https://mail.nepal.gov.np/ | Response Time: 86ms | Status Code: 200 | Attempts: 2
INFO 2026-02-22 15:01:50 RECOVERED - Nepal Government Email | URL: https://mail.nepal.gov.np/ | Response Time: 122ms | Status Code: 200 | Attempts: 2
INFO 2026-02-22 15:04:00 RECOVERED - Nepal Government Email | URL: https://mail.nepal.gov.np/ | Response Time: 111ms | Status Code: 200 | Attempts: 2
INFO 2026-02-22 15:04:04 RECOVERED - investigation of abuse of authority | URL: https://ciaa.gov.np/ | Response Time: 1169ms | Status Code: 200 | Attempts: 2
INFO 2026-02-22 15:05:10 RECOVERED - Nepal Government Email | URL: https://mail.nepal.gov.np/ | Response Time: 147ms | Status Code: 200 | Attempts: 2
INFO 2026-02-22 15:05:14 RECOVERED - president | URL: https://president.gov.np/ | Response Time: 1777ms | Status Code: 200 | Attempts: 2
INFO 2026-02-22 15:06:21 RECOVERED - Nepal Government Email | URL: https://mail.nepal.gov.np/ | Response Time: 109ms | Status Code: 200 | Attempts: 2
INFO 2026-02-22 15:07:27 RECOVERED - Nepal Government Email | URL: https://mail.nepal.gov.np/ | Response Time: 73ms | Status Code: 200 | Attempts: 2
INFO 2026-02-22 15:08:34 RECOVERED - Nepal Government Email | URL: https://mail.nepal.gov.np/ | Response Time: 149ms | Status Code: 200 | Attempts: 2
INFO 2026-02-22 15:09:41 RECOVERED - Nepal Government Email | URL: https://mail.nepal.gov.np/ | Response Time: 98ms | Status Code: 200 | Attempts: 2
INFO 2026-02-22 15:10:47 RECOVERED - Nepal Government Email | URL: https://mail.nepal.gov.np/ | Response Time: 79ms | Status Code: 200 | Attempts: 2
INFO 2026-02-22 15:11:54 RECOVERED - Nepal Government Email | URL: https://mail.nepal.gov.np/ | Response Time: 77ms | Status Code: 200 | Attempts: 2
INFO 2026-02-22 15:14:36 RECOVERED - Nepal Government Email | URL: https://mail.nepal.gov.np/ | Response Time: 122ms | Status Code: 200 | Attempts: 2
INFO 2026-02-22 15:15:43 RECOVERED - Nepal Government Email | URL: https://mail.nepal.gov.np/ | Response Time: 143ms | Status Code: 200 | Attempts: 2
INFO 2026-02-22 15:16:50 RECOVERED - Nepal Government Email | URL: https://mail.nepal.gov.np/ | Response Time: 108ms | Status Code: 200 | Attempts: 2
INFO 2026-02-22 15:17:57 RECOVERED - Nepal Government Email | URL: https://mail.nepal.gov.np/ | Response Time: 101ms | Status Code: 200 | Attempts: 2
INFO 2026-02-22 15:19:03 RECOVERED - Nepal Government Email | URL: https://mail.nepal.gov.np/ | Response Time: 148ms | Status Code: 200 | Attempts: 2
INFO 2026-02-22 15:19:07 RECOVERED - president | URL: https://president.gov.np/ | Response Time: 1906ms | Status Code: 200 | Attempts: 2
INFO 2026-02-22 15:47:45 RECOVERED - Nepal Government Email | URL: https://mail.nepal.gov.np/ | Response Time: 148ms | Status Code: 200 | Attempts: 2
INFO 2026-02-23 16:37:23 RECOVERED - Nepal Government Email | URL: https://mail.nepal.gov.np/ | Response Time: 101ms | Status Code: 200 | Attempts: 2
INFO 2026-02-23 16:38:30 RECOVERED - Nepal Government Email | URL: https://mail.nepal.gov.np/ | Response Time: 98ms | Status Code: 200 | Attempts: 2
INFO 2026-02-23 16:39:37 RECOVERED - Nepal Government Email | URL: https://mail.nepal.gov.np/ | Response Time: 105ms | Status Code: 200 | Attempts: 2
INFO 2026-02-23 16:39:39 RECOVERED - passport | URL: https://nepalpassport.gov.np/ | Response Time: 348ms | Status Code: 200 | Attempts: 2
INFO 2026-02-23 16:41:49 RECOVERED - Nepal Government Email | URL: https://mail.nepal.gov.np/ | Response Time: 81ms | Status Code: 200 | Attempts: 2
INFO 2026-02-25 10:17:31 RECOVERED - Nepal Government Email | URL: https://mail.nepal.gov.np/ | Response Time: 221ms | Status Code: 200 | Attempts: 2
INFO 2026-02-25 10:18:38 RECOVERED - Nepal Government Email | URL: https://mail.nepal.gov.np/ | Response Time: 65ms | Status Code: 200 | Attempts: 2
INFO 2026-02-25 10:19:45 RECOVERED - Nepal Government Email | URL: https://mail.nepal.gov.np/ | Response Time: 98ms | Status Code: 200 | Attempts: 2
INFO 2026-02-25 16:18:14 RECOVERED - Nepal Government Email | URL: https://mail.nepal.gov.np/ | Response Time: 75ms | Status Code: 200 | Attempts: 2
INFO 2026-02-27 10:19:57 RECOVERED - Nepal Government Email | URL: https://mail.nepal.gov.np/ | Response Time: 77ms | Status Code: 200 | Attempts: 2
INFO 2026-03-03 09:59:14 RECOVERED - Nepal Government Email | URL: https://mail.nepal.gov.np/ | Response Time: 1571ms | Status Code: 200 | Attempts: 2
INFO 2026-03-03 09:59:26 RECOVERED - president | URL: https://president.gov.np/ | Response Time: 3168ms | Status Code: 200 | Attempts: 3
INFO 2026-03-03 10:00:41 RECOVERED - Nepal Government Email | URL: https://mail.nepal.gov.np/ | Response Time: 152ms | Status Code: 200 | Attempts: 3
INFO 2026-03-03 10:00:56 DOWN - president | URL: https://president.gov.np/ | Error: Timeout after 3 attempts | Attempts: 3 | Status Code: N/A | Response Time: N/Ams
INFO 2026-03-03 10:02:06 RECOVERED - Nepal Government Email | URL: https://mail.nepal.gov.np/ | Response Time: 3010ms | Status Code: 200 | Attempts: 2
INFO 2026-03-03 10:02:07 RECOVERED - nagarik app | URL: https://nagarikapp.gov.np/ | Response Time: 71ms | Status Code: 200 | Attempts: 2
INFO 2026-03-03 10:02:09 RECOVERED - nagarik app | URL: https://nagarikapp.gov.np/ | Response Time: 476ms | Status Code: 200 | Attempts: 2
INFO 2026-03-03 10:02:09 RECOVERED - president | URL: https://president.gov.np/ | Response Time: 4110ms | Status Code: 200 | Attempts: 2
INFO 2026-03-03 10:47:52 DOWN - ministry of defense | URL: https://mod.gov.np/ | Error: Connection failed after 3 attempts | Attempts: 3 | Status Code: N/A | Response Time: N/Ams
INFO 2026-03-03 10:47:52 DOWN - nepal police | URL: https://www.nepalpolice.gov.np/ | Error: Connection failed after 3 attempts | Attempts: 3 | Status Code: N/A | Response Time: N/Ams
INFO 2026-03-03 10:47:52 DOWN - Ministry of Home Affairs | URL: https://www.moha.gov.np/ | Error: Connection failed after 3 attempts | Attempts: 3 | Status Code: N/A | Response Time: N/Ams
INFO 2026-03-03 10:47:52 DOWN - president | URL: https://president.gov.np/ | Error: Connection failed after 3 attempts | Attempts: 3 | Status Code: N/A | Response Time: N/Ams
INFO 2026-03-03 10:47:52 DOWN - Armed Police Force | URL: https://www.apf.gov.np/ | Error: Connection failed after 3 attempts | Attempts: 3 | Status Code: N/A | Response Time: N/Ams
INFO 2026-03-03 10:47:52 DOWN - public procurement | URL: https://ppmo.gov.np/ | Error: Connection failed after 3 attempts | Attempts: 3 | Status Code: N/A | Response Time: N/Ams
INFO 2026-03-03 10:47:52 DOWN - office of prime minister and council of ministers | URL: https://opmcm.gov.np/ | Error: Connection failed after 3 attempts | Attempts: 3 | Status Code: N/A | Response Time: N/Ams
INFO 2026-03-03 10:47:52 DOWN - National Security Council Secretariat | URL: https://nscsec.gov.np/ | Error: Connection failed after 3 attempts | Attempts: 3 | Status Code: N/A | Response Time: N/Ams
INFO 2026-03-03 10:47:52 DOWN - Ministry Of Foreign Affairs | URL: https://mofa.gov.np/ | Error: Connection failed after 3 attempts | Attempts: 3 | Status Code: N/A | Response Time: N/Ams
INFO 2026-03-03 10:47:52 DOWN - vice president of nepal | URL: https://vpn.gov.np/ | Error: Connection failed after 3 attempts | Attempts: 3 | Status Code: N/A | Response Time: N/Ams
INFO 2026-03-03 10:47:55 DOWN - Ministry of Home Affairs | URL: https://www.moha.gov.np/ | Error: Connection failed after 3 attempts | Attempts: 3 | Status Code: N/A | Response Time: N/Ams
INFO 2026-03-03 10:47:55 DOWN - public procurement | URL: https://ppmo.gov.np/ | Error: Connection failed after 3 attempts | Attempts: 3 | Status Code: N/A | Response Time: N/Ams
INFO 2026-03-03 10:47:55 DOWN - ministry of defense | URL: https://mod.gov.np/ | Error: Connection failed after 3 attempts | Attempts: 3 | Status Code: N/A | Response Time: N/Ams
INFO 2026-03-03 10:47:55 DOWN - vice president of nepal | URL: https://vpn.gov.np/ | Error: Connection failed after 3 attempts | Attempts: 3 | Status Code: N/A | Response Time: N/Ams
INFO 2026-03-03 10:47:55 DOWN - office of prime minister and council of ministers | URL: https://opmcm.gov.np/ | Error: Connection failed after 3 attempts | Attempts: 3 | Status Code: N/A | Response Time: N/Ams
INFO 2026-03-03 10:47:55 DOWN - president | URL: https://president.gov.np/ | Error: Connection failed after 3 attempts | Attempts: 3 | Status Code: N/A | Response Time: N/Ams
INFO 2026-03-03 10:47:55 DOWN - National Security Council Secretariat | URL: https://nscsec.gov.np/ | Error: Connection failed after 3 attempts | Attempts: 3 | Status Code: N/A | Response Time: N/Ams
INFO 2026-03-03 10:47:55 DOWN - Ministry Of Foreign Affairs | URL: https://mofa.gov.np/ | Error: Connection failed after 3 attempts | Attempts: 3 | Status Code: N/A | Response Time: N/Ams
INFO 2026-03-03 10:47:55 DOWN - nepal police | URL: https://www.nepalpolice.gov.np/ | Error: Connection failed after 3 attempts | Attempts: 3 | Status Code: N/A | Response Time: N/Ams
INFO 2026-03-03 10:47:55 DOWN - Armed Police Force | URL: https://www.apf.gov.np/ | Error: Connection failed after 3 attempts | Attempts: 3 | Status Code: N/A | Response Time: N/Ams
INFO 2026-03-03 10:47:58 DOWN - nagarik app | URL: https://nagarikapp.gov.np/ | Error: Connection failed after 3 attempts | Attempts: 3 | Status Code: N/A | Response Time: N/Ams
INFO 2026-03-03 10:47:58 DOWN - communications & IT | URL: https://mocit.gov.np/ | Error: Connection failed after 3 attempts | Attempts: 3 | Status Code: N/A | Response Time: N/Ams
INFO 2026-03-03 10:47:58 DOWN - customs | URL: https://customs.gov.np/ | Error: Connection failed after 3 attempts | Attempts: 3 | Status Code: N/A | Response Time: N/Ams
INFO 2026-03-03 10:47:58 DOWN - investigation of abuse of authority | URL: https://ciaa.gov.np/ | Error: Connection failed after 3 attempts | Attempts: 3 | Status Code: N/A | Response Time: N/Ams
INFO 2026-03-03 10:47:58 DOWN - transport office thulobharyang | URL: https://thulobharyanglicense.bagamati.gov.np | Error: Connection failed after 3 attempts | Attempts: 3 | Status Code: N/A | Response Time: N/Ams
INFO 2026-03-03 10:47:58 DOWN - Nepal Government Email | URL: https://mail.nepal.gov.np/ | Error: Connection failed after 3 attempts | Attempts: 3 | Status Code: N/A | Response Time: N/Ams
INFO 2026-03-03 10:47:58 DOWN - National ID(NID) | URL: https://enrollment.donidcr.gov.np/PreEnrollment/ | Error: Connection failed after 3 attempts | Attempts: 3 | Status Code: N/A | Response Time: N/Ams
INFO 2026-03-03 10:47:58 DOWN - passport | URL: https://nepalpassport.gov.np/ | Error: Connection failed after 3 attempts | Attempts: 3 | Status Code: N/A | Response Time: N/Ams
INFO 2026-03-03 10:47:58 DOWN - Department of Transportation managmenet | URL: https://dotm.gov.np/ | Error: Connection failed after 3 attempts | Attempts: 3 | Status Code: N/A | Response Time: N/Ams
INFO 2026-03-03 10:47:58 DOWN - Nepali Army Website | URL: https://nepalarmy.mil.np/ | Error: Connection failed after 3 attempts | Attempts: 3 | Status Code: N/A | Response Time: N/Ams
INFO 2026-03-03 10:48:01 DOWN - Nepal Government Email | URL: https://mail.nepal.gov.np/ | Error: Connection failed after 3 attempts | Attempts: 3 | Status Code: N/A | Response Time: N/Ams
INFO 2026-03-03 10:48:01 DOWN - nagarik app | URL: https://nagarikapp.gov.np/ | Error: Connection failed after 3 attempts | Attempts: 3 | Status Code: N/A | Response Time: N/Ams
INFO 2026-03-03 10:48:01 DOWN - Nepali Army Website | URL: https://nepalarmy.mil.np/ | Error: Connection failed after 3 attempts | Attempts: 3 | Status Code: N/A | Response Time: N/Ams
INFO 2026-03-03 10:48:01 DOWN - communications & IT | URL: https://mocit.gov.np/ | Error: Connection failed after 3 attempts | Attempts: 3 | Status Code: N/A | Response Time: N/Ams
INFO 2026-03-03 10:48:01 DOWN - customs | URL: https://customs.gov.np/ | Error: Connection failed after 3 attempts | Attempts: 3 | Status Code: N/A | Response Time: N/Ams
INFO 2026-03-03 10:48:01 DOWN - National ID(NID) | URL: https://enrollment.donidcr.gov.np/PreEnrollment/ | Error: Connection failed after 3 attempts | Attempts: 3 | Status Code: N/A | Response Time: N/Ams
INFO 2026-03-03 10:48:01 DOWN - Department of Transportation managmenet | URL: https://dotm.gov.np/ | Error: Connection failed after 3 attempts | Attempts: 3 | Status Code: N/A | Response Time: N/Ams
INFO 2026-03-03 10:48:01 DOWN - investigation of abuse of authority | URL: https://ciaa.gov.np/ | Error: Connection failed after 3 attempts | Attempts: 3 | Status Code: N/A | Response Time: N/Ams
INFO 2026-03-03 10:48:01 DOWN - transport office thulobharyang | URL: https://thulobharyanglicense.bagamati.gov.np | Error: Connection failed after 3 attempts | Attempts: 3 | Status Code: N/A | Response Time: N/Ams
INFO 2026-03-03 10:48:01 DOWN - passport | URL: https://nepalpassport.gov.np/ | Error: Connection failed after 3 attempts | Attempts: 3 | Status Code: N/A | Response Time: N/Ams
INFO 2026-03-03 10:48:10 RECOVERED - central bureau of statistics | URL: https://nsonepal.gov.np/ | Response Time: 5596ms | Status Code: 200 | Attempts: 3
INFO 2026-03-03 10:48:10 RECOVERED - central bureau of statistics | URL: https://nsonepal.gov.np/ | Response Time: 5618ms | Status Code: 200 | Attempts: 2
